<?xml version="1.0" encoding="UTF-8"?>
<!-- Generated by org.testng.reporters.JUnitReportReporter -->
<testsuite hostname="LAPTOP-DOBLN3AU" failures="0" tests="1" name="module3.testNgScripts.ContactsDemo" time="39.670" errors="0" timestamp="2022-01-16T22:49:44 IST" skipped="0">
  <testcase classname="module3.testNgScripts.ContactsDemo" name="contactAppTest" time="39.670"/>
  <system-out/>
</testsuite> <!-- module3.testNgScripts.ContactsDemo -->
