<?xml version="1.0" encoding="UTF-8"?>
<!-- Generated by org.testng.reporters.JUnitReportReporter -->
<testsuite hostname="LAPTOP-DOBLN3AU" failures="0" tests="2" name="module3.testNgScripts.NativeAppTest" time="44.505" errors="0" timestamp="2022-01-16T22:49:44 IST" skipped="0">
  <testcase classname="module3.testNgScripts.NativeAppTest" name="Taptest" time="21.858"/>
  <system-out/>
  <testcase classname="module3.testNgScripts.NativeAppTest" name="tabElementTest" time="22.647"/>
  <system-out/>
</testsuite> <!-- module3.testNgScripts.NativeAppTest -->
