<?xml version="1.0" encoding="UTF-8"?>
<!-- Generated by org.testng.reporters.JUnitReportReporter -->
<testsuite hostname="LAPTOP-DOBLN3AU" failures="0" tests="1" name="module3.testNgScripts.HybridAppTest" time="17.187" errors="0" timestamp="2022-01-16T22:07:50 IST" skipped="0">
  <testcase classname="module3.testNgScripts.HybridAppTest" name="HybridTest" time="17.187"/>
  <system-out/>
</testsuite> <!-- module3.testNgScripts.HybridAppTest -->
