<?xml version="1.0" encoding="UTF-8"?>
<!-- Generated by org.testng.reporters.JUnitReportReporter -->
<testsuite hostname="LAPTOP-DOBLN3AU" failures="0" tests="1" name="module3.testNgScripts.WebAppTestScript2" time="3.532" errors="0" timestamp="2022-01-16T22:07:50 IST" skipped="0">
  <testcase classname="module3.testNgScripts.WebAppTestScript2" name="webApptest" time="3.532"/>
  <system-out/>
</testsuite> <!-- module3.testNgScripts.WebAppTestScript2 -->
