<?xml version="1.0" encoding="UTF-8"?>
<!-- Generated by org.testng.reporters.JUnitReportReporter -->
<testsuite hostname="LAPTOP-DOBLN3AU" failures="0" tests="2" name="module3.testNgScripts.TestAnnotationDemo" time="28.638" errors="0" timestamp="2022-01-16T21:51:10 IST" skipped="0">
  <testcase classname="module3.testNgScripts.TestAnnotationDemo" name="Taptest" time="13.542"/>
  <system-out/>
  <testcase classname="module3.testNgScripts.TestAnnotationDemo" name="tabElementTest" time="15.096"/>
  <system-out/>
</testsuite> <!-- module3.testNgScripts.TestAnnotationDemo -->
