<?xml version="1.0" encoding="UTF-8"?>
<!-- Generated by org.testng.reporters.JUnitReportReporter -->
<testsuite hostname="LAPTOP-DOBLN3AU" failures="0" tests="1" name="module3.testNgScripts.ContactsDemo" time="55.529" errors="0" timestamp="16 Jan 2022 17:30:16 GMT" skipped="0">
  <testcase classname="module3.testNgScripts.ContactsDemo" name="contactAppTest" time="55.529"/>
</testsuite> <!-- module3.testNgScripts.ContactsDemo -->
