<?xml version="1.0" encoding="UTF-8"?>
<!-- Generated by org.testng.reporters.JUnitReportReporter -->
<testsuite hostname="LAPTOP-DOBLN3AU" failures="0" tests="1" name="module3.testNgScripts.HybridAppTest" time="18.484" errors="0" timestamp="16 Jan 2022 17:37:12 GMT" skipped="0">
  <testcase classname="module3.testNgScripts.HybridAppTest" name="HybridTest" time="18.484"/>
</testsuite> <!-- module3.testNgScripts.HybridAppTest -->
