<?xml version="1.0" encoding="UTF-8"?>
<!-- Generated by org.testng.reporters.JUnitReportReporter -->
<testsuite hostname="LAPTOP-DOBLN3AU" failures="0" tests="1" name="module3.testNgScripts.WebAppTestScript2" time="3.232" errors="0" timestamp="16 Jan 2022 17:37:12 GMT" skipped="0">
  <testcase classname="module3.testNgScripts.WebAppTestScript2" name="webApptest" time="3.232"/>
</testsuite> <!-- module3.testNgScripts.WebAppTestScript2 -->
