<?xml version="1.0" encoding="UTF-8"?>
<!-- Generated by org.testng.reporters.JUnitReportReporter -->
<testsuite hostname="LAPTOP-DOBLN3AU" failures="0" tests="2" name="module3.testNgScripts.NativeAppTest" time="36.901" errors="0" timestamp="16 Jan 2022 17:37:12 GMT" skipped="0">
  <testcase classname="module3.testNgScripts.NativeAppTest" name="Taptest" time="18.302"/>
  <testcase classname="module3.testNgScripts.NativeAppTest" name="tabElementTest" time="18.599"/>
</testsuite> <!-- module3.testNgScripts.NativeAppTest -->
